This is pdfTeX, Version 3.14159265-2.6-1.40.18 (TeX Live 2017/Debian) (preloaded format=pdflatex 2021.7.27)  7 DEC 2021 03:12
entering extended mode
 restricted \write18 enabled.
 %&-line parsing enabled.
**ppr.tex
(./ppr.tex
LaTeX2e <2017-04-15>
Babel <3.18> and hyphenation patterns for 84 language(s) loaded.
(/usr/share/texlive/texmf-dist/tex/latex/base/article.cls
Document Class: article 2014/09/29 v1.4h Standard LaTeX document class
(/usr/share/texlive/texmf-dist/tex/latex/base/size10.clo
File: size10.clo 2014/09/29 v1.4h Standard LaTeX file (size option)
)
\c@part=\count79
\c@section=\count80
\c@subsection=\count81
\c@subsubsection=\count82
\c@paragraph=\count83
\c@subparagraph=\count84
\c@figure=\count85
\c@table=\count86
\abovecaptionskip=\skip41
\belowcaptionskip=\skip42
\bibindent=\dimen102
) (./cvpr.sty
Package: cvpr 2021/08/23 Example LaTex class for IEEE CVPR

(/usr/share/texlive/texmf-dist/tex/latex/psnfss/times.sty
Package: times 2005/04/12 PSNFSS-v9.2a (SPQR) 
)
(/usr/share/texlive/texmf-dist/tex/latex/cite/cite.sty
LaTeX Info: Redefining \cite on input line 302.
LaTeX Info: Redefining \nocite on input line 332.
Package: cite 2015/02/27  v 5.5
)
(/usr/share/texlive/texmf-dist/tex/latex/tools/xspace.sty
Package: xspace 2014/10/28 v1.13 Space after command names (DPC,MH)
)
(/usr/share/texlive/texmf-dist/tex/latex/silence/silence.sty
Package: silence 2012/07/02 v1.5b Selective filtering of warnings and error mes
sages
\sl@Save=\count87
\sl@StateNumber=\count88
\sl@MessageCount=\count89
\sl@Casualties=\count90
\sl@Filter=\toks14
\sl@Message=\toks15
\sl@UnexpandedMessage=\toks16
\sl@Mess@ge=\toks17
\sl@WarningCount=\count91
\sl@WarningNumber=\count92
\sl@WarningCasualties=\count93
\sl@TempBOW=\toks18
\sl@BankOfWarnings=\toks19
LaTeX Info: Redefining \GenericWarning on input line 433.
\sl@ErrorCount=\count94
\sl@ErrorNumber=\count95
\sl@ErrorCasualties=\count96
\sl@TempBOE=\toks20
\sl@BankOfErrors=\toks21
LaTeX Info: Redefining \GenericError on input line 601.
)
(/usr/share/texlive/texmf-dist/tex/latex/etoolbox/etoolbox.sty
Package: etoolbox 2018/02/11 v2.5e e-TeX tools for LaTeX (JAW)
\etb@tempcnta=\count97
)
(/usr/share/texlive/texmf-dist/tex/latex/caption/caption.sty
Package: caption 2016/02/21 v3.3-144 Customizing captions (AR)

(/usr/share/texlive/texmf-dist/tex/latex/caption/caption3.sty
Package: caption3 2016/05/22 v1.7-166 caption3 kernel (AR)
Package caption3 Info: TeX engine: e-TeX on input line 67.

(/usr/share/texlive/texmf-dist/tex/latex/graphics/keyval.sty
Package: keyval 2014/10/28 v1.15 key=value parser (DPC)
\KV@toks@=\toks22
)
\captionmargin=\dimen103
\captionmargin@=\dimen104
\captionwidth=\dimen105
\caption@tempdima=\dimen106
\caption@indent=\dimen107
\caption@parindent=\dimen108
\caption@hangindent=\dimen109
)
\c@ContinuedFloat=\count98
)
(/usr/share/texlive/texmf-dist/tex/latex/caption/subcaption.sty
Package: subcaption 2016/05/22 v1.1-161 Sub-captions (AR)
\c@subfigure=\count99
\c@subtable=\count100
)
(/usr/share/texlive/texmf-dist/tex/latex/url/url.sty
\Urlmuskip=\muskip10
Package: url 2013/09/16  ver 3.4  Verb mode for urls, etc.
)
CVPR 8.5 x 11-Inch Proceedings Style `cvpr.sty'.
\cvprrulerbox=\box26
\cvprrulercount=\count101
\cvprruleroffset=\dimen110
\cv@lineheight=\dimen111
\cv@boxheight=\dimen112
\cv@tmpbox=\box27
\cv@refno=\count102
\cv@tot=\count103
\cv@tmpc@=\count104
\cv@tmpc=\count105
) (/usr/share/texlive/texmf-dist/tex/latex/graphics/graphicx.sty
Package: graphicx 2017/06/01 v1.1a Enhanced LaTeX Graphics (DPC,SPQR)

(/usr/share/texlive/texmf-dist/tex/latex/graphics/graphics.sty
Package: graphics 2017/06/25 v1.2c Standard LaTeX Graphics (DPC,SPQR)

(/usr/share/texlive/texmf-dist/tex/latex/graphics/trig.sty
Package: trig 2016/01/03 v1.10 sin cos tan (DPC)
)
(/usr/share/texlive/texmf-dist/tex/latex/graphics-cfg/graphics.cfg
File: graphics.cfg 2016/06/04 v1.11 sample graphics configuration
)
Package graphics Info: Driver file: pdftex.def on input line 99.

(/usr/share/texlive/texmf-dist/tex/latex/graphics-def/pdftex.def
File: pdftex.def 2018/01/08 v1.0l Graphics/color driver for pdftex
))
\Gin@req@height=\dimen113
\Gin@req@width=\dimen114
)
(/usr/share/texlive/texmf-dist/tex/latex/amsmath/amsmath.sty
Package: amsmath 2017/09/02 v2.17a AMS math features
\@mathmargin=\skip43

For additional information on amsmath, use the `?' option.
(/usr/share/texlive/texmf-dist/tex/latex/amsmath/amstext.sty
Package: amstext 2000/06/29 v2.01 AMS text

(/usr/share/texlive/texmf-dist/tex/latex/amsmath/amsgen.sty
File: amsgen.sty 1999/11/30 v2.0 generic functions
\@emptytoks=\toks23
\ex@=\dimen115
))
(/usr/share/texlive/texmf-dist/tex/latex/amsmath/amsbsy.sty
Package: amsbsy 1999/11/29 v1.2d Bold Symbols
\pmbraise@=\dimen116
)
(/usr/share/texlive/texmf-dist/tex/latex/amsmath/amsopn.sty
Package: amsopn 2016/03/08 v2.02 operator names
)
\inf@bad=\count106
LaTeX Info: Redefining \frac on input line 213.
\uproot@=\count107
\leftroot@=\count108
LaTeX Info: Redefining \overline on input line 375.
\classnum@=\count109
\DOTSCASE@=\count110
LaTeX Info: Redefining \ldots on input line 472.
LaTeX Info: Redefining \dots on input line 475.
LaTeX Info: Redefining \cdots on input line 596.
\Mathstrutbox@=\box28
\strutbox@=\box29
\big@size=\dimen117
LaTeX Font Info:    Redeclaring font encoding OML on input line 712.
LaTeX Font Info:    Redeclaring font encoding OMS on input line 713.
\macc@depth=\count111
\c@MaxMatrixCols=\count112
\dotsspace@=\muskip11
\c@parentequation=\count113
\dspbrk@lvl=\count114
\tag@help=\toks24
\row@=\count115
\column@=\count116
\maxfields@=\count117
\andhelp@=\toks25
\eqnshift@=\dimen118
\alignsep@=\dimen119
\tagshift@=\dimen120
\tagwidth@=\dimen121
\totwidth@=\dimen122
\lineht@=\dimen123
\@envbody=\toks26
\multlinegap=\skip44
\multlinetaggap=\skip45
\mathdisplay@stack=\toks27
LaTeX Info: Redefining \[ on input line 2817.
LaTeX Info: Redefining \] on input line 2818.
)
(/usr/share/texlive/texmf-dist/tex/latex/amsfonts/amssymb.sty
Package: amssymb 2013/01/14 v3.01 AMS font symbols

(/usr/share/texlive/texmf-dist/tex/latex/amsfonts/amsfonts.sty
Package: amsfonts 2013/01/14 v3.01 Basic AMSFonts support
\symAMSa=\mathgroup4
\symAMSb=\mathgroup5
LaTeX Font Info:    Overwriting math alphabet `\mathfrak' in version `bold'
(Font)                  U/euf/m/n --> U/euf/b/n on input line 106.
))
(/usr/share/texlive/texmf-dist/tex/latex/booktabs/booktabs.sty
Package: booktabs 2016/04/27 v1.618033 publication quality tables
\heavyrulewidth=\dimen124
\lightrulewidth=\dimen125
\cmidrulewidth=\dimen126
\belowrulesep=\dimen127
\belowbottomsep=\dimen128
\aboverulesep=\dimen129
\abovetopsep=\dimen130
\cmidrulesep=\dimen131
\cmidrulekern=\dimen132
\defaultaddspace=\dimen133
\@cmidla=\count118
\@cmidlb=\count119
\@aboverulesep=\dimen134
\@belowrulesep=\dimen135
\@thisruleclass=\count120
\@lastruleclass=\count121
\@thisrulewidth=\dimen136
)
(/usr/share/texlive/texmf-dist/tex/latex/breqn/breqn.sty
(/usr/share/texlive/texmf-dist/tex/latex/l3kernel/expl3.sty
Package: expl3 2018/02/21 L3 programming layer (loader) 

(/usr/share/texlive/texmf-dist/tex/latex/l3kernel/expl3-code.tex
Package: expl3 2018/02/21 L3 programming layer (code)
\c_max_int=\count122
\l_tmpa_int=\count123
\l_tmpb_int=\count124
\g_tmpa_int=\count125
\g_tmpb_int=\count126
\g__intarray_font_int=\count127
\g__prg_map_int=\count128
\c_log_iow=\count129
\l_iow_line_count_int=\count130
\l__iow_line_target_int=\count131
\l__iow_one_indent_int=\count132
\l__iow_indent_int=\count133
\c_zero_dim=\dimen137
\c_max_dim=\dimen138
\l_tmpa_dim=\dimen139
\l_tmpb_dim=\dimen140
\g_tmpa_dim=\dimen141
\g_tmpb_dim=\dimen142
\c_zero_skip=\skip46
\c_max_skip=\skip47
\l_tmpa_skip=\skip48
\l_tmpb_skip=\skip49
\g_tmpa_skip=\skip50
\g_tmpb_skip=\skip51
\c_zero_muskip=\muskip12
\c_max_muskip=\muskip13
\l_tmpa_muskip=\muskip14
\l_tmpb_muskip=\muskip15
\g_tmpa_muskip=\muskip16
\g_tmpb_muskip=\muskip17
\l_keys_choice_int=\count134
\c__fp_leading_shift_int=\count135
\c__fp_middle_shift_int=\count136
\c__fp_trailing_shift_int=\count137
\c__fp_big_leading_shift_int=\count138
\c__fp_big_middle_shift_int=\count139
\c__fp_big_trailing_shift_int=\count140
\c__fp_Bigg_leading_shift_int=\count141
\c__fp_Bigg_middle_shift_int=\count142
\c__fp_Bigg_trailing_shift_int=\count143
\c__fp_rand_size_int=\count144
\c__fp_rand_four_int=\count145
\c__fp_rand_eight_int=\count146
\l__sort_length_int=\count147
\l__sort_min_int=\count148
\l__sort_top_int=\count149
\l__sort_max_int=\count150
\l__sort_true_max_int=\count151
\l__sort_block_int=\count152
\l__sort_begin_int=\count153
\l__sort_end_int=\count154
\l__sort_A_int=\count155
\l__sort_B_int=\count156
\l__sort_C_int=\count157
\l__tl_build_start_index_int=\count158
\l__tl_build_index_int=\count159
\l__tl_analysis_normal_int=\count160
\l__tl_analysis_index_int=\count161
\l__tl_analysis_nesting_int=\count162
\l__tl_analysis_type_int=\count163
\l__regex_internal_a_int=\count164
\l__regex_internal_b_int=\count165
\l__regex_internal_c_int=\count166
\l__regex_balance_int=\count167
\l__regex_group_level_int=\count168
\l__regex_mode_int=\count169
\c__regex_cs_in_class_mode_int=\count170
\c__regex_cs_mode_int=\count171
\l__regex_catcodes_int=\count172
\l__regex_default_catcodes_int=\count173
\c__regex_catcode_D_int=\count174
\c__regex_catcode_S_int=\count175
\c__regex_catcode_L_int=\count176
\c__regex_catcode_O_int=\count177
\c__regex_catcode_A_int=\count178
\c__regex_all_catcodes_int=\count179
\l__regex_show_lines_int=\count180
\l__regex_min_state_int=\count181
\l__regex_max_state_int=\count182
\l__regex_left_state_int=\count183
\l__regex_right_state_int=\count184
\l__regex_capturing_group_int=\count185
\l__regex_min_pos_int=\count186
\l__regex_max_pos_int=\count187
\l__regex_curr_pos_int=\count188
\l__regex_start_pos_int=\count189
\l__regex_success_pos_int=\count190
\l__regex_curr_char_int=\count191
\l__regex_curr_catcode_int=\count192
\l__regex_last_char_int=\count193
\l__regex_case_changed_char_int=\count194
\l__regex_curr_state_int=\count195
\l__regex_step_int=\count196
\l__regex_min_active_int=\count197
\l__regex_max_active_int=\count198
\l__regex_replacement_csnames_int=\count199
\l__regex_match_count_int=\count266
\l__regex_min_submatch_int=\count267
\l__regex_submatch_int=\count268
\l__regex_zeroth_submatch_int=\count269
\g__regex_trace_regex_int=\count270
\c_empty_box=\box30
\l_tmpa_box=\box31
\l_tmpb_box=\box32
\g_tmpa_box=\box33
\g_tmpb_box=\box34
\l__box_top_dim=\dimen143
\l__box_bottom_dim=\dimen144
\l__box_left_dim=\dimen145
\l__box_right_dim=\dimen146
\l__box_top_new_dim=\dimen147
\l__box_bottom_new_dim=\dimen148
\l__box_left_new_dim=\dimen149
\l__box_right_new_dim=\dimen150
\l__box_internal_box=\box35
\l__coffin_internal_box=\box36
\l__coffin_internal_dim=\dimen151
\l__coffin_offset_x_dim=\dimen152
\l__coffin_offset_y_dim=\dimen153
\l__coffin_x_dim=\dimen154
\l__coffin_y_dim=\dimen155
\l__coffin_x_prime_dim=\dimen156
\l__coffin_y_prime_dim=\dimen157
\c_empty_coffin=\box37
\l__coffin_aligned_coffin=\box38
\l__coffin_aligned_internal_coffin=\box39
\l_tmpa_coffin=\box40
\l_tmpb_coffin=\box41
\l__coffin_display_coffin=\box42
\l__coffin_display_coord_coffin=\box43
\l__coffin_display_pole_coffin=\box44
\l__coffin_display_offset_dim=\dimen158
\l__coffin_display_x_dim=\dimen159
\l__coffin_display_y_dim=\dimen160
\l__coffin_bounding_shift_dim=\dimen161
\l__coffin_left_corner_dim=\dimen162
\l__coffin_right_corner_dim=\dimen163
\l__coffin_bottom_corner_dim=\dimen164
\l__coffin_top_corner_dim=\dimen165
\l__coffin_scaled_total_height_dim=\dimen166
\l__coffin_scaled_width_dim=\dimen167
)
(/usr/share/texlive/texmf-dist/tex/latex/l3kernel/l3pdfmode.def
File: l3pdfmode.def 2017/03/18 v L3 Experimental driver: PDF mode
\l__driver_color_stack_int=\count271
\l__driver_tmp_box=\box45
))
Package: breqn 2017/01/27 v0.98e Breaking equations

(/usr/share/texlive/texmf-dist/tex/latex/breqn/flexisym.sty
Package: flexisym 2017/01/27 v0.98e Make math characters macros
LaTeX Info: Redefining \textprime on input line 300.
LaTeX Info: Redefining \not on input line 358.

(/usr/share/texlive/texmf-dist/tex/latex/breqn/cmbase.sym
File: cmbase.sym 2007/12/19 v0.92
LaTeX Info: Redefining \hbar on input line 325.
LaTeX Info: Redefining \surd on input line 327.
LaTeX Info: Redefining \angle on input line 335.
LaTeX Info: Redefining \neq on input line 336.
LaTeX Info: Redefining \mapsto on input line 337.
LaTeX Info: Redefining \cong on input line 338.
LaTeX Info: Redefining \notin on input line 341.
LaTeX Info: Redefining \rightleftharpoons on input line 342.
LaTeX Info: Redefining \doteq on input line 343.
LaTeX Info: Redefining \hookrightarrow on input line 344.
LaTeX Info: Redefining \hookleftarrow on input line 345.
LaTeX Info: Redefining \bowtie on input line 346.
LaTeX Info: Redefining \models on input line 347.
LaTeX Info: Redefining \Longrightarrow on input line 348.
LaTeX Info: Redefining \longrightarrow on input line 349.
LaTeX Info: Redefining \Longleftarrow on input line 350.
LaTeX Info: Redefining \longleftarrow on input line 351.
LaTeX Info: Redefining \longmapsto on input line 352.
LaTeX Info: Redefining \longleftrightarrow on input line 353.
LaTeX Info: Redefining \Longleftrightarrow on input line 354.
LaTeX Info: Redefining \cdots on input line 358.
LaTeX Info: Redefining \vdots on input line 361.
LaTeX Info: Redefining \ddots on input line 366.
)
(/usr/share/texlive/texmf-dist/tex/latex/breqn/mathstyle.sty
Package: mathstyle 2017/01/27 0.98e Tracking mathstyle implicitly
LaTeX Info: Redefining \displaystyle on input line 93.
LaTeX Info: Redefining \textstyle on input line 95.
LaTeX Info: Redefining \scriptstyle on input line 97.
LaTeX Info: Redefining \scriptscriptstyle on input line 99.
LaTeX Info: Redefining \genfrac on input line 145.
))
(/usr/share/texlive/texmf-dist/tex/latex/tools/calc.sty
Package: calc 2014/10/28 v4.3 Infix arithmetic (KKT,FJ)
\calc@Acount=\count272
\calc@Bcount=\count273
\calc@Adimen=\dimen168
\calc@Bdimen=\dimen169
\calc@Askip=\skip52
\calc@Bskip=\skip53
LaTeX Info: Redefining \setlength on input line 80.
LaTeX Info: Redefining \addtolength on input line 81.
\calc@Ccount=\count274
\calc@Cskip=\skip54
)
\inf@bad=\count275
\maxint=\count276
\listwidth=\dimen170
\eqnumsep=\dimen171
\eqmargin=\dimen172
\eqlinespacing=\skip55
\eqlineskip=\skip56
\eqlineskiplimit=\dimen173
\eqbinoffset=\muskip18
\eqdelimoffset=\muskip19
\eqindentstep=\dimen174
\eqstyle=\toks28
\eqbreakdepth=\count277
\eqinterlinepenalty=\count278
\intereqpenalty=\count279
\intereqskip=\skip57
\prerelpenalty=\count280
\prebinoppenalty=\count281
\Dmedmuskip=\muskip20
\Dthickmuskip=\muskip21
\eqleftskip=\skip58
\eqrightskip=\skip59
\eq@vspan=\skip60
\eq@binoffset=\muskip22
\EQ@box=\box46
\EQ@copy=\box47
\EQ@numbox=\box48
\eq@wdNum=\dimen175
\GRP@numbox=\box49
\grp@wdNum=\dimen176
\eq@lines=\count282
\eq@curline=\count283
\eq@badness=\count284
\EQ@vims=\count285
\eq@dp=\dimen177
\eq@wdL=\dimen178
\eq@wdT=\dimen179
\eq@wdMin=\dimen180
\grp@wdL=\dimen181
\grp@wdR=\dimen182
\grp@wdT=\dimen183
\eq@wdRmax=\dimen184
\eq@firstht=\dimen185
\eq@wdCond=\dimen186
\eq@indentstep=\dimen187
\eq@linewidth=\dimen188
\grp@linewidth=\dimen189
\eq@hshift=\dimen190
\eq@given@sidespace=\dimen191
\mathindent=\dimen192
\eq@final@linecount=\count286
\eq@wdR=\dimen193
\EQ@continue=\toks29
\lr@level=\count287
\GRP@queue=\toks30
\GRP@box=\box50
\GRP@wholebox=\box51
\darraycolsep=\skip61
\cur@row=\count288
\cur@col=\count289
\conditionsep=\skip62
)
(/usr/share/texlive/texmf-dist/tex/latex/hyperref/hyperref.sty
Package: hyperref 2018/02/06 v6.86b Hypertext links for LaTeX

(/usr/share/texlive/texmf-dist/tex/generic/oberdiek/hobsub-hyperref.sty
Package: hobsub-hyperref 2016/05/16 v1.14 Bundle oberdiek, subset hyperref (HO)


(/usr/share/texlive/texmf-dist/tex/generic/oberdiek/hobsub-generic.sty
Package: hobsub-generic 2016/05/16 v1.14 Bundle oberdiek, subset generic (HO)
Package: hobsub 2016/05/16 v1.14 Construct package bundles (HO)
Package: infwarerr 2016/05/16 v1.4 Providing info/warning/error messages (HO)
Package: ltxcmds 2016/05/16 v1.23 LaTeX kernel commands for general use (HO)
Package: ifluatex 2016/05/16 v1.4 Provides the ifluatex switch (HO)
Package ifluatex Info: LuaTeX not detected.
Package: ifvtex 2016/05/16 v1.6 Detect VTeX and its facilities (HO)
Package ifvtex Info: VTeX not detected.
Package: intcalc 2016/05/16 v1.2 Expandable calculations with integers (HO)
Package: ifpdf 2017/03/15 v3.2 Provides the ifpdf switch
Package: etexcmds 2016/05/16 v1.6 Avoid name clashes with e-TeX commands (HO)
Package etexcmds Info: Could not find \expanded.
(etexcmds)             That can mean that you are not using pdfTeX 1.50 or
(etexcmds)             that some package has redefined \expanded.
(etexcmds)             In the latter case, load this package earlier.
Package: kvsetkeys 2016/05/16 v1.17 Key value parser (HO)
Package: kvdefinekeys 2016/05/16 v1.4 Define keys (HO)
Package: pdftexcmds 2018/01/21 v0.26 Utility functions of pdfTeX for LuaTeX (HO
)
Package pdftexcmds Info: LuaTeX not detected.
Package pdftexcmds Info: \pdf@primitive is available.
Package pdftexcmds Info: \pdf@ifprimitive is available.
Package pdftexcmds Info: \pdfdraftmode found.
Package: pdfescape 2016/05/16 v1.14 Implements pdfTeX's escape features (HO)
Package: bigintcalc 2016/05/16 v1.4 Expandable calculations on big integers (HO
)
Package: bitset 2016/05/16 v1.2 Handle bit-vector datatype (HO)
Package: uniquecounter 2016/05/16 v1.3 Provide unlimited unique counter (HO)
)
Package hobsub Info: Skipping package `hobsub' (already loaded).
Package: letltxmacro 2016/05/16 v1.5 Let assignment for LaTeX macros (HO)
Package: hopatch 2016/05/16 v1.3 Wrapper for package hooks (HO)
Package: xcolor-patch 2016/05/16 xcolor patch
Package: atveryend 2016/05/16 v1.9 Hooks at the very end of document (HO)
Package: atbegshi 2016/06/09 v1.18 At begin shipout hook (HO)
Package: refcount 2016/05/16 v3.5 Data extraction from label references (HO)
Package: hycolor 2016/05/16 v1.8 Color options for hyperref/bookmark (HO)
)
(/usr/share/texlive/texmf-dist/tex/generic/ifxetex/ifxetex.sty
Package: ifxetex 2010/09/12 v0.6 Provides ifxetex conditional
)
(/usr/share/texlive/texmf-dist/tex/latex/oberdiek/auxhook.sty
Package: auxhook 2016/05/16 v1.4 Hooks for auxiliary files (HO)
)
(/usr/share/texlive/texmf-dist/tex/latex/oberdiek/kvoptions.sty
Package: kvoptions 2016/05/16 v3.12 Key value format for package options (HO)
)
\@linkdim=\dimen194
\Hy@linkcounter=\count290
\Hy@pagecounter=\count291

(/usr/share/texlive/texmf-dist/tex/latex/hyperref/pd1enc.def
File: pd1enc.def 2018/02/06 v6.86b Hyperref: PDFDocEncoding definition (HO)
)
\Hy@SavedSpaceFactor=\count292

(/usr/share/texlive/texmf-dist/tex/latex/latexconfig/hyperref.cfg
File: hyperref.cfg 2002/06/06 v1.2 hyperref configuration of TeXLive
)
Package hyperref Info: Option `breaklinks' set `true' on input line 4383.
Package hyperref Info: Option `colorlinks' set `true' on input line 4383.
Package hyperref Info: Hyper figures OFF on input line 4509.
Package hyperref Info: Link nesting OFF on input line 4514.
Package hyperref Info: Hyper index ON on input line 4517.
Package hyperref Info: Plain pages OFF on input line 4524.
Package hyperref Info: Backreferencing ON on input line 4527.
Package hyperref Info: Implicit mode ON; LaTeX internals redefined.
Package hyperref Info: Bookmarks ON on input line 4762.

(/usr/share/texlive/texmf-dist/tex/latex/hyperref/backref.sty
Package: backref 2016/05/21 v1.39 Bibliographical back referencing

(/usr/share/texlive/texmf-dist/tex/latex/oberdiek/rerunfilecheck.sty
Package: rerunfilecheck 2016/05/16 v1.8 Rerun checks for auxiliary files (HO)
Package uniquecounter Info: New unique counter `rerunfilecheck' on input line 2
82.
))
\c@Hy@tempcnt=\count293
LaTeX Info: Redefining \url on input line 5115.
\XeTeXLinkMargin=\dimen195
\Fld@menulength=\count294
\Field@Width=\dimen196
\Fld@charsize=\dimen197
Package hyperref Info: Hyper figures OFF on input line 6369.
Package hyperref Info: Link nesting OFF on input line 6374.
Package hyperref Info: Hyper index ON on input line 6377.
Package hyperref Info: backreferencing ON on input line 6382.
Package hyperref Info: Link coloring ON on input line 6387.
Package hyperref Info: Link coloring with OCG OFF on input line 6394.
Package hyperref Info: PDF/A mode OFF on input line 6399.
LaTeX Info: Redefining \ref on input line 6439.
LaTeX Info: Redefining \pageref on input line 6443.
\Hy@abspage=\count295
\c@Item=\count296
\c@Hfootnote=\count297
)
Package hyperref Info: Driver (autodetected): hpdftex.

(/usr/share/texlive/texmf-dist/tex/latex/hyperref/hpdftex.def
File: hpdftex.def 2018/02/06 v6.86b Hyperref driver for pdfTeX
\Fld@listcount=\count298
\c@bookmark@seq@number=\count299
\Hy@SectionHShift=\skip63
)
(/usr/share/texlive/texmf-dist/tex/latex/cleveref/cleveref.sty
Package: cleveref 2018/02/08 v0.21.1 Intelligent cross-referencing
Package cleveref Info: `hyperref' support loaded on input line 2301.
LaTeX Info: Redefining \cref on input line 2301.
LaTeX Info: Redefining \Cref on input line 2301.
LaTeX Info: Redefining \crefrange on input line 2301.
LaTeX Info: Redefining \Crefrange on input line 2301.
LaTeX Info: Redefining \cpageref on input line 2301.
LaTeX Info: Redefining \Cpageref on input line 2301.
LaTeX Info: Redefining \cpagerefrange on input line 2301.
LaTeX Info: Redefining \Cpagerefrange on input line 2301.
LaTeX Info: Redefining \labelcref on input line 2301.
LaTeX Info: Redefining \labelcpageref on input line 2301.
Package cleveref Info: `breqn' support loaded on input line 3040.
Package cleveref Info: always capitalise cross-reference names on input line 77
61.
Package cleveref Info: always capitalise cross-reference names on input line 77
83.
) (./ppr.aux)
\openout1 = `ppr.aux'.

LaTeX Font Info:    Checking defaults for OML/cmm/m/it on input line 46.
LaTeX Font Info:    ... okay on input line 46.
LaTeX Font Info:    Checking defaults for T1/cmr/m/n on input line 46.
LaTeX Font Info:    ... okay on input line 46.
LaTeX Font Info:    Checking defaults for OT1/cmr/m/n on input line 46.
LaTeX Font Info:    ... okay on input line 46.
LaTeX Font Info:    Checking defaults for OMS/cmsy/m/n on input line 46.
LaTeX Font Info:    ... okay on input line 46.
LaTeX Font Info:    Checking defaults for OMX/cmex/m/n on input line 46.
LaTeX Font Info:    ... okay on input line 46.
LaTeX Font Info:    Checking defaults for U/cmr/m/n on input line 46.
LaTeX Font Info:    ... okay on input line 46.
LaTeX Font Info:    Checking defaults for PD1/pdf/m/n on input line 46.
LaTeX Font Info:    ... okay on input line 46.
LaTeX Font Info:    Try loading font information for OT1+ptm on input line 46.

(/usr/share/texlive/texmf-dist/tex/latex/psnfss/ot1ptm.fd
File: ot1ptm.fd 2001/06/04 font definitions for OT1/ptm.
)
Package caption Info: Begin \AtBeginDocument code.
Package caption Info: hyperref package is loaded.
Package caption Info: End \AtBeginDocument code.

ABD: EveryShipout initializing macros
(/usr/share/texlive/texmf-dist/tex/latex/graphics/color.sty
Package: color 2016/07/10 v1.1e Standard LaTeX Color (DPC)

(/usr/share/texlive/texmf-dist/tex/latex/graphics-cfg/color.cfg
File: color.cfg 2016/01/02 v1.6 sample color configuration
)
Package color Info: Driver file: pdftex.def on input line 147.
)
(/usr/share/texlive/texmf-dist/tex/latex/eepic/epic.sty
Enhancements to Picture Environment. Version 1.2 - Released June 1, 1986
\@@multicnt=\count300
\d@lta=\count301
\@delta=\dimen198
\@@delta=\dimen199
\@gridcnt=\count302
\@joinkind=\count303
\@dotgap=\dimen256
\@ddotgap=\dimen257
\@x@diff=\count304
\@y@diff=\count305
\x@diff=\dimen258
\y@diff=\dimen259
\@dotbox=\box52
\num@segments=\count306
\num@segmentsi=\count307
\@datafile=\read1
) (/usr/share/texlive/texmf-dist/tex/context/base/mkii/supp-pdf.mkii
[Loading MPS to PDF converter (version 2006.09.02).]
\scratchcounter=\count308
\scratchdimen=\dimen260
\scratchbox=\box53
\nofMPsegments=\count309
\nofMParguments=\count310
\everyMPshowfont=\toks31
\MPscratchCnt=\count311
\MPscratchDim=\dimen261
\MPnumerator=\count312
\makeMPintoPDFobject=\count313
\everyMPtoPDFconversion=\toks32
) (/usr/share/texlive/texmf-dist/tex/latex/oberdiek/epstopdf-base.sty
Package: epstopdf-base 2016/05/15 v2.6 Base part for package epstopdf

(/usr/share/texlive/texmf-dist/tex/latex/oberdiek/grfext.sty
Package: grfext 2016/05/16 v1.2 Manage graphics extensions (HO)
)
Package epstopdf-base Info: Redefining graphics rule for `.eps' on input line 4
38.
Package grfext Info: Graphics extension search list:
(grfext)             [.pdf,.png,.jpg,.mps,.jpeg,.jbig2,.jb2,.PDF,.PNG,.JPG,.JPE
G,.JBIG2,.JB2,.eps]
(grfext)             \AppendGraphicsExtensions on input line 456.

(/usr/share/texlive/texmf-dist/tex/latex/latexconfig/epstopdf-sys.cfg
File: epstopdf-sys.cfg 2010/07/13 v1.3 Configuration of (r)epstopdf for TeX Liv
e
))
\AtBeginShipoutBox=\box54
Package atbegshi Info: Package `everyshi' patched.
Package hyperref Info: Link coloring ON on input line 46.

(/usr/share/texlive/texmf-dist/tex/latex/hyperref/nameref.sty
Package: nameref 2016/05/21 v2.44 Cross-referencing by name of section

(/usr/share/texlive/texmf-dist/tex/generic/oberdiek/gettitlestring.sty
Package: gettitlestring 2016/05/16 v1.5 Cleanup title references (HO)
)
\c@section@level=\count314
)
LaTeX Info: Redefining \ref on input line 46.
LaTeX Info: Redefining \pageref on input line 46.
LaTeX Info: Redefining \nameref on input line 46.

(./ppr.out) (./ppr.out)
\@outlinefile=\write3
\openout3 = `ppr.out'.

LaTeX Font Info:    Font shape `OT1/ptm/bx/n' in size <14.4> not available
(Font)              Font shape `OT1/ptm/b/n' tried instead on input line 69.
LaTeX Font Info:    Try loading font information for U+msa on input line 69.

(/usr/share/texlive/texmf-dist/tex/latex/amsfonts/umsa.fd
File: umsa.fd 2013/01/14 v3.01 AMS symbols A
)
LaTeX Font Info:    Try loading font information for U+msb on input line 69.

(/usr/share/texlive/texmf-dist/tex/latex/amsfonts/umsb.fd
File: umsb.fd 2013/01/14 v3.01 AMS symbols B
)
LaTeX Font Info:    Try loading font information for OT1+pcr on input line 69.

(/usr/share/texlive/texmf-dist/tex/latex/psnfss/ot1pcr.fd
File: ot1pcr.fd 2001/06/04 font definitions for OT1/pcr.
)
LaTeX Font Info:    Font shape `OT1/ptm/bx/n' in size <12> not available
(Font)              Font shape `OT1/ptm/b/n' tried instead on input line 71.
<Images/Adversarial-Example.png, id=79, 586.19pt x 239.89626pt>
File: Images/Adversarial-Example.png Graphic file (type png)
<use Images/Adversarial-Example.png>
Package pdftex.def Info: Images/Adversarial-Example.png  used on input line 86.

(pdftex.def)             Requested size: 237.13594pt x 97.04396pt.
 [1{/var/lib/texmf/fonts/map/pdftex/updmap/pdftex.map}


 <./Images/Adversarial-Example.png (PNG copy)>]
LaTeX Font Info:    Try loading font information for OMS+ptm on input line 99.
 (/usr/share/texlive/texmf-dist/tex/latex/psnfss/omsptm.fd
File: omsptm.fd 
)
LaTeX Font Info:    Font shape `OMS/ptm/m/n' in size <10> not available
(Font)              Font shape `OMS/cmsy/m/n' tried instead on input line 99.
Missing character: There is no â in font ptmr7t!
Missing character: There is no € in font ptmr7t!
Missing character: There is no ™ in font ptmr7t!
 [2]
LaTeX Font Info:    Font shape `OT1/ptm/bx/n' in size <10> not available
(Font)              Font shape `OT1/ptm/b/n' tried instead on input line 133.
<./Images/GRU.png, id=106, 782.925pt x 391.4625pt>
File: ./Images/GRU.png Graphic file (type png)
<use ./Images/GRU.png>
Package pdftex.def Info: ./Images/GRU.png  used on input line 182.
(pdftex.def)             Requested size: 195.73077pt x 97.86537pt.
<Images/Image.jpg, id=111, 1284.8pt x 722.7pt>
File: Images/Image.jpg Graphic file (type jpg)
<use Images/Image.jpg>
Package pdftex.def Info: Images/Image.jpg  used on input line 199.
(pdftex.def)             Requested size: 118.56796pt x 66.6943pt.
<Images/Gaussian_Noise.png, id=112, 1284.8pt x 722.7pt>
File: Images/Gaussian_Noise.png Graphic file (type png)
<use Images/Gaussian_Noise.png>
Package pdftex.def Info: Images/Gaussian_Noise.png  used on input line 204.
(pdftex.def)             Requested size: 117.38112pt x 66.02164pt.
<Images/Salt_and_Pepper_Noise.png, id=113, 1284.8pt x 722.7pt>
File: Images/Salt_and_Pepper_Noise.png Graphic file (type png)
<use Images/Salt_and_Pepper_Noise.png>
Package pdftex.def Info: Images/Salt_and_Pepper_Noise.png  used on input line 2
08.
(pdftex.def)             Requested size: 117.38112pt x 66.02164pt.
<Images/Shot_Noise.png, id=114, 1284.8pt x 722.7pt>
File: Images/Shot_Noise.png Graphic file (type png)
<use Images/Shot_Noise.png>
Package pdftex.def Info: Images/Shot_Noise.png  used on input line 213.
(pdftex.def)             Requested size: 117.38112pt x 66.02164pt.
<Images/Perioidc_Noise.png, id=115, 1284.8pt x 722.7pt>
File: Images/Perioidc_Noise.png Graphic file (type png)
<use Images/Perioidc_Noise.png>
Package pdftex.def Info: Images/Perioidc_Noise.png  used on input line 217.
(pdftex.def)             Requested size: 117.38112pt x 66.02164pt.
 [3 <./Images/GRU.png>]
Missing character: There is no Â in font cmr10!
Missing character: There is no · in font cmr10!
Package epstopdf Info: Source file: <./Images/Accuracy.eps>
(epstopdf)                    date: 2021-12-05 12:15:52
(epstopdf)                    size: 17213 bytes
(epstopdf)             Output file: <./Images/Accuracy-eps-converted-to.pdf>
(epstopdf)                    date: 2021-12-07 03:08:54
(epstopdf)                    size: 10509 bytes
(epstopdf)             Command: <repstopdf --outfile=./Images/Accuracy-eps-conv
erted-to.pdf ./Images/Accuracy.eps>
(epstopdf)             \includegraphics on input line 253.
Package epstopdf Info: Output file is already uptodate.


pdfTeX warning: pdflatex (file ./Images/Accuracy-eps-converted-to.pdf): PDF inc
lusion: found PDF version <1.7>, but at most version <1.5> allowed
<./Images/Accuracy-eps-converted-to.pdf, id=133, 433.62pt x 433.62pt>
File: ./Images/Accuracy-eps-converted-to.pdf Graphic file (type pdf)
<use ./Images/Accuracy-eps-converted-to.pdf>
Package pdftex.def Info: ./Images/Accuracy-eps-converted-to.pdf  used on input 
line 253.
(pdftex.def)             Requested size: 237.13594pt x 237.13535pt.
Package epstopdf Info: Source file: <./Images/Loss.eps>
(epstopdf)                    date: 2021-12-05 12:15:52
(epstopdf)                    size: 18831 bytes
(epstopdf)             Output file: <./Images/Loss-eps-converted-to.pdf>
(epstopdf)                    date: 2021-12-07 03:08:55
(epstopdf)                    size: 11182 bytes
(epstopdf)             Command: <repstopdf --outfile=./Images/Loss-eps-converte
d-to.pdf ./Images/Loss.eps>
(epstopdf)             \includegraphics on input line 258.
Package epstopdf Info: Output file is already uptodate.


pdfTeX warning: pdflatex (file ./Images/Loss-eps-converted-to.pdf): PDF inclusi
on: found PDF version <1.7>, but at most version <1.5> allowed
<./Images/Loss-eps-converted-to.pdf, id=134, 433.62pt x 433.62pt>
File: ./Images/Loss-eps-converted-to.pdf Graphic file (type pdf)
<use ./Images/Loss-eps-converted-to.pdf>
Package pdftex.def Info: ./Images/Loss-eps-converted-to.pdf  used on input line
 258.
(pdftex.def)             Requested size: 237.13594pt x 237.13535pt.
Package epstopdf Info: Source file: <./Images/Image_Noise.eps>
(epstopdf)                    date: 2021-12-06 00:25:30
(epstopdf)                    size: 51521 bytes
(epstopdf)             Output file: <./Images/Image_Noise-eps-converted-to.pdf>

(epstopdf)                    date: 2021-12-07 03:08:56
(epstopdf)                    size: 21537 bytes
(epstopdf)             Command: <repstopdf --outfile=./Images/Image_Noise-eps-c
onverted-to.pdf ./Images/Image_Noise.eps>
(epstopdf)             \includegraphics on input line 265.
Package epstopdf Info: Output file is already uptodate.


pdfTeX warning: pdflatex (file ./Images/Image_Noise-eps-converted-to.pdf): PDF 
inclusion: found PDF version <1.7>, but at most version <1.5> allowed
<./Images/Image_Noise-eps-converted-to.pdf, id=135, 722.7pt x 722.7pt>
File: ./Images/Image_Noise-eps-converted-to.pdf Graphic file (type pdf)
<use ./Images/Image_Noise-eps-converted-to.pdf>
Package pdftex.def Info: ./Images/Image_Noise-eps-converted-to.pdf  used on inp
ut line 265.
(pdftex.def)             Requested size: 237.13594pt x 237.13535pt.
<./Images/FGSM.png, id=136, 128.48pt x 128.48pt>
File: ./Images/FGSM.png Graphic file (type png)
<use ./Images/FGSM.png>
Package pdftex.def Info: ./Images/FGSM.png  used on input line 273.
(pdftex.def)             Requested size: 118.56796pt x 118.56963pt.
<./Images/PGD.png, id=137, 128.48pt x 128.48pt>
File: ./Images/PGD.png Graphic file (type png)
<use ./Images/PGD.png>
Package pdftex.def Info: ./Images/PGD.png  used on input line 278.
(pdftex.def)             Requested size: 118.56796pt x 118.56963pt.
Package epstopdf Info: Source file: <./Images/Standard-Adversarial-Attack.eps>
(epstopdf)                    date: 2021-12-06 06:38:14
(epstopdf)                    size: 48593 bytes
(epstopdf)             Output file: <./Images/Standard-Adversarial-Attack-eps-c
onverted-to.pdf>
(epstopdf)                    date: 2021-12-07 03:08:57
(epstopdf)                    size: 21733 bytes
(epstopdf)             Command: <repstopdf --outfile=./Images/Standard-Adversar
ial-Attack-eps-converted-to.pdf ./Images/Standard-Adversarial-Attack.eps>
(epstopdf)             \includegraphics on input line 283.
Package epstopdf Info: Output file is already uptodate.


pdfTeX warning: pdflatex (file ./Images/Standard-Adversarial-Attack-eps-convert
ed-to.pdf): PDF inclusion: found PDF version <1.7>, but at most version <1.5> a
llowed
<./Images/Standard-Adversarial-Attack-eps-converted-to.pdf, id=138, 578.16pt x 
578.16pt>
File: ./Images/Standard-Adversarial-Attack-eps-converted-to.pdf Graphic file (t
ype pdf)
<use ./Images/Standard-Adversarial-Attack-eps-converted-to.pdf>
Package pdftex.def Info: ./Images/Standard-Adversarial-Attack-eps-converted-to.
pdf  used on input line 283.
(pdftex.def)             Requested size: 237.13594pt x 237.13535pt.
<./Images/Adversarial-Attack.png, id=139, 128.48pt x 128.48pt>
File: ./Images/Adversarial-Attack.png Graphic file (type png)
<use ./Images/Adversarial-Attack.png>
Package pdftex.def Info: ./Images/Adversarial-Attack.png  used on input line 29
1.
(pdftex.def)             Requested size: 118.56796pt x 118.56963pt.
Package epstopdf Info: Source file: <./Images/Adversarial-Attack.eps>
(epstopdf)                    date: 2021-12-06 11:47:54
(epstopdf)                    size: 48700 bytes
(epstopdf)             Output file: <./Images/Adversarial-Attack-eps-converted-
to.pdf>
(epstopdf)                    date: 2021-12-07 03:08:57
(epstopdf)                    size: 21565 bytes
(epstopdf)             Command: <repstopdf --outfile=./Images/Adversarial-Attac
k-eps-converted-to.pdf ./Images/Adversarial-Attack.eps>
(epstopdf)             \includegraphics on input line 296.
Package epstopdf Info: Output file is already uptodate.


pdfTeX warning: pdflatex (file ./Images/Adversarial-Attack-eps-converted-to.pdf
): PDF inclusion: found PDF version <1.7>, but at most version <1.5> allowed
<./Images/Adversarial-Attack-eps-converted-to.pdf, id=140, 578.16pt x 578.16pt>

File: ./Images/Adversarial-Attack-eps-converted-to.pdf Graphic file (type pdf)
<use ./Images/Adversarial-Attack-eps-converted-to.pdf>
Package pdftex.def Info: ./Images/Adversarial-Attack-eps-converted-to.pdf  used
 on input line 296.
(pdftex.def)             Requested size: 237.13594pt x 237.13535pt.
(./ppr.bbl (./ppr.brf)
\tf@brf=\write4
\openout4 = `ppr.brf'.

 [4 <./Images/Image.jpg> <./Images/Gaussian_Noise.png (PNG copy)> <./Images/Sal
t_and_Pepper_Noise.png (PNG copy)> <./Images/Shot_Noise.png (PNG copy)> <./Imag
es/Perioidc_Noise.png (PNG copy)>] [5 <./Images/Accuracy-eps-converted-to.pdf> 
<./Images/Loss-eps-converted-to.pdf> <./Images/Image_Noise-eps-converted-to.pdf
> <./Images/FGSM.png (PNG copy)> <./Images/PGD.png (PNG copy)>])
Package atveryend Info: Empty hook `BeforeClearDocument' on input line 308.
 [6 <./Images/Standard-Adversarial-Attack-eps-converted-to.pdf> <./Images/Adver
sarial-Attack.png (PNG copy)> <./Images/Adversarial-Attack-eps-converted-to.pdf
>]
Package atveryend Info: Empty hook `AfterLastShipout' on input line 308.
 (./ppr.aux)
Package atveryend Info: Executing hook `AtVeryEndDocument' on input line 308.
Package atveryend Info: Executing hook `AtEndAfterFileList' on input line 308.
Package rerunfilecheck Info: File `ppr.out' has not changed.
(rerunfilecheck)             Checksum: 5A1F9F2DA048957866B1D07474C97269;1278.
Package rerunfilecheck Info: File `ppr.brf' has not changed.
(rerunfilecheck)             Checksum: ABD56723F472ED99AA544EF96A129E35;630.
 ) 
Here is how much of TeX's memory you used:
 18654 strings out of 492982
 334296 string characters out of 6134896
 420944 words of memory out of 5000000
 21986 multiletter control sequences out of 15000+600000
 557983 words of font info for 88 fonts, out of 8000000 for 9000
 1141 hyphenation exceptions out of 8191
 43i,13n,40p,10354b,494s stack positions out of 5000i,500n,10000p,200000b,80000s
{/usr/share/texlive/texmf-dist/fonts/enc/dvips/base/8r.enc}</usr/share/texliv
e/texmf-dist/fonts/type1/public/amsfonts/cm/cmbx10.pfb></usr/share/texlive/texm
f-dist/fonts/type1/public/amsfonts/cm/cmbx7.pfb></usr/share/texlive/texmf-dist/
fonts/type1/public/amsfonts/cm/cmex10.pfb></usr/share/texlive/texmf-dist/fonts/
type1/public/amsfonts/cm/cmmi10.pfb></usr/share/texlive/texmf-dist/fonts/type1/
public/amsfonts/cm/cmmi5.pfb></usr/share/texlive/texmf-dist/fonts/type1/public/
amsfonts/cm/cmmi6.pfb></usr/share/texlive/texmf-dist/fonts/type1/public/amsfont
s/cm/cmmi7.pfb></usr/share/texlive/texmf-dist/fonts/type1/public/amsfonts/cm/cm
mi9.pfb></usr/share/texlive/texmf-dist/fonts/type1/public/amsfonts/cm/cmmib10.p
fb></usr/share/texlive/texmf-dist/fonts/type1/public/amsfonts/cmextra/cmmib7.pf
b></usr/share/texlive/texmf-dist/fonts/type1/public/amsfonts/cm/cmr10.pfb></usr
/share/texlive/texmf-dist/fonts/type1/public/amsfonts/cm/cmr6.pfb></usr/share/t
exlive/texmf-dist/fonts/type1/public/amsfonts/cm/cmr7.pfb></usr/share/texlive/t
exmf-dist/fonts/type1/public/amsfonts/cm/cmsy10.pfb></usr/share/texlive/texmf-d
ist/fonts/type1/public/amsfonts/cm/cmsy7.pfb></usr/share/texlive/texmf-dist/fon
ts/type1/public/amsfonts/symbols/msbm10.pfb></usr/share/texlive/texmf-dist/font
s/type1/urw/courier/ucrr8a.pfb></usr/share/texlive/texmf-dist/fonts/type1/urw/t
imes/utmb8a.pfb></usr/share/texlive/texmf-dist/fonts/type1/urw/times/utmr8a.pfb
></usr/share/texlive/texmf-dist/fonts/type1/urw/times/utmri8a.pfb>
Output written on ppr.pdf (6 pages, 9612850 bytes).
PDF statistics:
 486 PDF objects out of 1000 (max. 8388607)
 243 compressed objects within 3 object streams
 50 named destinations out of 1000 (max. 500000)
 220 words of extra memory for PDF output out of 10000 (max. 10000000)

